2025-01-26 21:47:56,843 - root - INFO - *************** Test_Button_Docs_functions ******************
2025-01-26 21:47:56,844 - root - INFO - *************** Verify_Docs_Button_functionality ******************
2025-01-26 21:47:59,728 - root - INFO - *************** Docs_Check_passed ******************
2025-01-26 21:48:01,953 - root - INFO - *************** Test_Button_configure_functions ******************
2025-01-26 21:48:01,954 - root - INFO - *************** Verify_Docs_configure_functionality ******************
2025-01-26 21:48:06,365 - root - INFO - *************** Configure_Check_passed ******************
2025-01-26 21:48:08,464 - root - INFO - *************** Job_submission_Configure_Check_passed ******************
2025-01-26 21:48:10,549 - root - INFO - *************** Job_management_Configure_Check_passed ******************
2025-01-26 21:48:12,631 - root - INFO - *************** network_Configure_Check_passed ******************
2025-01-26 21:48:14,765 - root - INFO - *************** security_Configure_Check_passed ******************
2025-01-26 21:48:16,975 - root - INFO - *************** Rip_Configure_Check_passed ******************
2025-01-26 21:48:19,124 - root - INFO - *************** Scan_Configure_Check_passed ******************
2025-01-26 21:48:21,253 - root - INFO - *************** User_account_Configure_Check_passed ******************
2025-01-26 21:48:24,211 - root - INFO - *************** Fiery_Configure_Check_passed ******************
2025-01-26 21:48:24,211 - root - INFO - *************** configure-page clicks is passed ******************
2025-01-26 21:48:27,136 - root - INFO - *************** Test_Webtools_homepage_functions ******************
2025-01-26 21:48:27,136 - root - INFO - *************** Verify_Webtools_homepage_functionality ******************
2025-01-26 21:48:29,380 - root - INFO - *************** Webtools_Homepage_Check_passed ******************
2025-01-26 21:48:32,202 - root - INFO - *************** Test_FSR_homepage_functions ******************
2025-01-26 21:48:32,203 - root - INFO - *************** Verify_FSR_homepage_functionality ******************
2025-01-26 21:48:36,166 - root - INFO - *************** Webtools_FSR_Homepage_Check_passed ******************
2025-01-26 21:48:39,038 - root - INFO - *************** Test_Docs_login_functions ******************
2025-01-26 21:48:39,038 - root - INFO - *************** Verify_Docs_login_functionality ******************
2025-01-26 21:48:42,176 - root - INFO - *************** Docs_Check_passed ******************
2025-01-26 21:48:47,793 - root - INFO - *************** Docs_login_sucessful ******************
2025-01-26 21:48:48,183 - root - INFO - *************** Printed_Docs_check_sucessful ******************
2025-01-26 21:48:48,746 - root - INFO - *************** Held_Docs_check_sucessful ******************
2025-01-26 21:48:54,541 - root - INFO - *************** Docs_logout_sucessful ******************
