2025-01-20 21:01:12,014 - root - INFO - *************** Test_Title ******************
2025-01-20 21:01:12,015 - root - INFO - *************** Verify_Home-Page_Title ******************
2025-01-20 21:01:13,639 - root - INFO - *************** Verify_Home-Page_Title Passed ******************
2025-01-20 21:01:17,621 - root - INFO - *************** Test_login test started ******************
2025-01-20 21:01:19,806 - root - INFO - *************** Test_login test is passed ******************
2025-01-20 21:01:23,661 - root - INFO - *************** Test_logout test started ******************
2025-01-20 21:01:26,174 - root - INFO - *************** Test_logout test passed ******************
2025-01-20 21:02:50,836 - root - INFO - *************** Test_Title ******************
2025-01-20 21:02:50,836 - root - INFO - *************** Verify_Home-Page_Title ******************
2025-01-20 21:02:52,324 - root - INFO - *************** Verify_Home-Page_Title Passed ******************
2025-01-20 21:02:56,079 - root - INFO - *************** Test_login test started ******************
2025-01-20 21:02:57,957 - root - INFO - *************** Test_login test is passed ******************
2025-01-20 21:03:01,662 - root - INFO - *************** Test_logout test started ******************
2025-01-20 21:03:04,198 - root - INFO - *************** Test_logout test passed ******************
2025-01-20 21:31:23,269 - root - INFO - *************** Test_Title ******************
2025-01-20 21:31:23,270 - root - INFO - *************** Verify_Home-Page_Title ******************
2025-01-20 21:34:12,530 - root - INFO - *************** Test_Title ******************
2025-01-20 21:34:12,530 - root - INFO - *************** Verify_Home-Page_Title ******************
2025-01-20 21:34:13,769 - root - INFO - *************** Verify_Home-Page_Title Passed ******************
2025-01-20 21:34:17,850 - root - INFO - *************** Test_login test started ******************
2025-01-20 21:34:20,015 - root - INFO - *************** Test_login test is passed ******************
2025-01-20 21:34:23,591 - root - INFO - *************** Test_logout test started ******************
2025-01-20 21:34:26,466 - root - INFO - *************** Test_logout test passed ******************
2025-01-20 21:34:58,744 - root - INFO - *************** Test_Title ******************
2025-01-20 21:34:58,744 - root - INFO - *************** Verify_Home-Page_Title ******************
2025-01-20 21:35:01,773 - root - INFO - *************** Verify_Home-Page_Title Passed ******************
2025-01-20 21:35:07,984 - root - INFO - *************** Test_login test started ******************
2025-01-20 21:35:11,709 - root - INFO - *************** Test_login test is passed ******************
2025-01-20 21:35:18,483 - root - INFO - *************** Test_logout test started ******************
2025-01-20 21:35:22,813 - root - INFO - *************** Test_logout test passed ******************
2025-01-20 21:35:53,354 - root - INFO - *************** Test_Title ******************
2025-01-20 21:35:53,354 - root - INFO - *************** Verify_Home-Page_Title ******************
2025-01-20 21:37:40,411 - root - INFO - *************** Test_Title ******************
2025-01-20 21:37:40,412 - root - INFO - *************** Verify_Home-Page_Title ******************
2025-01-20 21:37:41,658 - root - INFO - *************** Verify_Home-Page_Title Passed ******************
2025-01-20 21:37:45,403 - root - INFO - *************** Test_login test started ******************
2025-01-20 21:37:47,806 - root - INFO - *************** Test_login test is passed ******************
2025-01-20 21:37:51,577 - root - INFO - *************** Test_logout test started ******************
2025-01-20 21:37:53,650 - root - INFO - *************** Test_logout test passed ******************
2025-01-20 21:38:20,254 - root - INFO - *************** Test_Title ******************
2025-01-20 21:38:20,254 - root - INFO - *************** Verify_Home-Page_Title ******************
2025-01-20 21:47:40,236 - root - INFO - *************** Test_login test started ******************
2025-01-20 21:47:42,174 - root - INFO - *************** Test_Title ******************
2025-01-20 21:47:42,175 - root - INFO - *************** Verify_Home-Page_Title ******************
2025-01-20 21:47:46,717 - root - INFO - *************** Verify_Home-Page_Title Passed ******************
2025-01-20 21:47:49,088 - root - INFO - *************** Test_login test is passed ******************
2025-01-20 21:47:52,842 - root - INFO - *************** Test_logout test started ******************
2025-01-20 21:47:56,436 - root - INFO - *************** Test_logout test passed ******************
2025-01-20 21:48:28,451 - root - INFO - *************** Test_Title ******************
2025-01-20 21:48:28,451 - root - INFO - *************** Verify_Home-Page_Title ******************
2025-01-20 21:48:32,318 - root - INFO - *************** Test_logout test started ******************
2025-01-20 21:48:33,395 - root - INFO - *************** Verify_Home-Page_Title Passed ******************
2025-01-20 21:48:33,972 - root - INFO - *************** Test_login test started ******************
2025-01-20 21:48:38,297 - root - INFO - *************** Test_logout test passed ******************
2025-01-20 21:48:38,539 - root - INFO - *************** Test_login test is passed ******************
2025-01-20 22:06:18,870 - root - INFO - *************** Test_Title ******************
2025-01-20 22:06:18,871 - root - INFO - *************** Verify_Home-Page_Title ******************
2025-01-20 22:06:22,472 - root - INFO - *************** Verify_Home-Page_Title Passed ******************
2025-01-20 22:06:28,534 - root - INFO - *************** Test_login test started ******************
2025-01-20 22:06:31,895 - root - INFO - *************** Test_login test is passed ******************
2025-01-20 22:06:37,712 - root - INFO - *************** Test_logout test started ******************
2025-01-20 22:06:41,639 - root - INFO - *************** Test_logout test passed ******************
2025-01-20 22:10:18,124 - root - INFO - *************** Test_Title ******************
2025-01-20 22:10:18,124 - root - INFO - *************** Verify_Home-Page_Title ******************
2025-01-20 22:10:21,084 - root - INFO - *************** Verify_Home-Page_Title Passed ******************
2025-01-20 22:10:26,864 - root - INFO - *************** Test_login test started ******************
2025-01-20 22:10:30,633 - root - INFO - *************** Test_login test is passed ******************
2025-01-20 22:10:36,799 - root - INFO - *************** Test_logout test started ******************
2025-01-20 22:10:41,598 - root - INFO - *************** Test_logout test passed ******************
2025-01-20 22:20:42,475 - root - INFO - *************** Test_login test started ******************
2025-01-20 22:20:44,128 - root - INFO - *************** Test_Title ******************
2025-01-20 22:20:44,128 - root - INFO - *************** Verify_Home-Page_Title ******************
2025-01-20 22:20:49,784 - root - INFO - *************** Verify_Home-Page_Title Passed ******************
2025-01-20 22:20:51,091 - root - INFO - *************** Test_login test is passed ******************
2025-01-20 22:20:55,717 - root - INFO - *************** Test_logout test started ******************
2025-01-20 22:20:59,948 - root - INFO - *************** Test_logout test passed ******************
2025-01-20 22:22:42,684 - root - INFO - *************** Test_login test started ******************
2025-01-20 22:22:44,270 - root - INFO - *************** Test_Title ******************
2025-01-20 22:22:44,271 - root - INFO - *************** Verify_Home-Page_Title ******************
2025-01-20 22:22:47,533 - root - INFO - *************** Test_login test is passed ******************
2025-01-20 22:22:47,722 - root - INFO - *************** Verify_Home-Page_Title Passed ******************
2025-01-20 22:22:53,693 - root - INFO - *************** Test_logout test started ******************
2025-01-20 22:22:58,566 - root - INFO - *************** Test_logout test passed ******************
2025-01-20 22:24:04,940 - root - INFO - *************** Test_login test started ******************
2025-01-20 22:24:06,463 - root - INFO - *************** Test_Title ******************
2025-01-20 22:24:06,463 - root - INFO - *************** Verify_Home-Page_Title ******************
2025-01-20 22:24:10,301 - root - INFO - *************** Test_login test is passed ******************
2025-01-20 22:24:10,411 - root - INFO - *************** Verify_Home-Page_Title Passed ******************
2025-01-20 22:24:16,327 - root - INFO - *************** Test_logout test started ******************
2025-01-20 22:24:20,193 - root - INFO - *************** Test_logout test passed ******************
2025-01-20 22:25:57,574 - root - INFO - *************** Test_Title ******************
2025-01-20 22:25:57,575 - root - INFO - *************** Verify_Home-Page_Title ******************
2025-01-20 22:25:58,921 - root - INFO - *************** Test_login test started ******************
2025-01-20 22:26:01,936 - root - INFO - *************** Verify_Home-Page_Title Passed ******************
2025-01-20 22:26:02,932 - root - INFO - *************** Test_login test is passed ******************
2025-01-20 22:26:07,827 - root - INFO - *************** Test_logout test started ******************
2025-01-20 22:26:11,679 - root - INFO - *************** Test_logout test passed ******************
2025-01-21 21:54:32,074 - root - INFO - *************** Test_002_DDT_login ******************
2025-01-21 21:54:32,074 - root - INFO - *************** Verify_Different_login test started ******************
2025-01-21 22:02:13,899 - root - INFO - *************** Test_002_DDT_login ******************
2025-01-21 22:02:13,899 - root - INFO - *************** Verify_Different_login test started ******************
2025-01-21 22:04:24,170 - root - INFO - *************** Test_002_DDT_login ******************
2025-01-21 22:04:24,170 - root - INFO - *************** Verify_Different_login test started ******************
2025-01-21 22:08:25,774 - root - INFO - *************** Test_002_DDT_login ******************
2025-01-21 22:08:25,774 - root - INFO - *************** Verify_Different_login test started ******************
2025-01-21 22:09:09,522 - root - INFO - *************** Test_002_DDT_login ******************
2025-01-21 22:09:09,522 - root - INFO - *************** Verify_Different_login test started ******************
2025-01-21 22:12:40,678 - root - INFO - *************** Test_002_DDT_login ******************
2025-01-21 22:12:40,679 - root - INFO - *************** Verify_Different_login test started ******************
2025-01-21 22:23:21,872 - root - INFO - *************** Test_002_DDT_login ******************
2025-01-21 22:23:21,873 - root - INFO - *************** Verify_Different_login test started ******************
2025-01-21 22:23:31,288 - root - INFO - *************** Test_002_DDT_login Execution Passed ******************
2025-01-21 22:24:58,251 - root - INFO - *************** Test_002_DDT_login ******************
2025-01-21 22:24:58,251 - root - INFO - *************** Verify_Different_login test started ******************
2025-01-21 22:25:07,069 - root - INFO - *************** Test_002_DDT_login Execution Passed ******************
2025-01-21 22:26:31,442 - root - INFO - *************** Test_002_DDT_login ******************
2025-01-21 22:26:31,443 - root - INFO - *************** Verify_Different_login test started ******************
2025-01-21 22:26:39,806 - root - INFO - *************** Test_002_DDT_login Execution Passed ******************
2025-01-21 22:30:29,300 - root - INFO - *************** Test_002_DDT_login ******************
2025-01-21 22:30:29,300 - root - INFO - *************** Verify_Different_login test started ******************
2025-01-21 22:30:36,954 - root - INFO - *************** Test_002_DDT_login Execution Passed ******************
2025-01-21 22:30:42,788 - root - INFO - *************** Test_002_DDT_login Execution Passed ******************
2025-01-21 22:30:48,631 - root - INFO - *************** Test_002_DDT_login Execution Passed ******************
2025-01-21 22:30:54,476 - root - INFO - *************** Test_002_DDT_login Execution Passed ******************
2025-01-21 22:31:05,349 - root - INFO - *************** Test_002_DDT_login Execution Failed ******************
2025-01-21 22:37:40,179 - root - INFO - *************** Test_002_DDT_login ******************
2025-01-21 22:37:40,179 - root - INFO - *************** Verify_Different_login test started ******************
2025-01-21 22:37:48,184 - root - INFO - *************** Test_002_DDT_login Execution Passed ******************
2025-01-21 22:37:54,123 - root - INFO - *************** Test_002_DDT_login Execution Passed ******************
2025-01-21 22:38:00,057 - root - INFO - *************** Test_002_DDT_login Execution Passed ******************
2025-01-21 22:38:05,998 - root - INFO - *************** Test_002_DDT_login Execution Passed ******************
2025-01-21 22:38:16,544 - root - INFO - *************** Test_002_DDT_login Execution Failed ******************
2025-01-21 22:39:21,810 - root - INFO - *************** Test_002_DDT_login ******************
2025-01-21 22:39:21,811 - root - INFO - *************** Verify_Different_login test started ******************
2025-01-21 22:39:31,317 - root - INFO - *************** Test_002_DDT_login Execution Passed ******************
2025-01-21 22:39:37,263 - root - INFO - *************** Test_002_DDT_login Execution Passed ******************
2025-01-21 22:39:43,188 - root - INFO - *************** Test_002_DDT_login Execution Passed ******************
2025-01-21 22:39:49,101 - root - INFO - *************** Test_002_DDT_login Execution Passed ******************
2025-01-21 22:39:59,649 - root - INFO - *************** Test_002_DDT_login Execution Failed ******************
2025-01-21 22:42:28,073 - root - INFO - *************** Test_002_DDT_login ******************
2025-01-21 22:42:28,074 - root - INFO - *************** Verify_Different_login test started ******************
2025-01-21 22:42:35,973 - root - INFO - *************** Test_002_DDT_login Execution Passed ******************
2025-01-21 22:42:41,911 - root - INFO - *************** Test_002_DDT_login Execution Passed ******************
2025-01-21 22:42:47,840 - root - INFO - *************** Test_002_DDT_login Execution Passed ******************
2025-01-21 22:42:53,786 - root - INFO - *************** Test_002_DDT_login Execution Passed ******************
2025-01-21 22:46:13,665 - root - INFO - *************** Test_002_DDT_login ******************
2025-01-21 22:46:13,665 - root - INFO - *************** Verify_Different_login test started ******************
2025-01-21 22:46:22,291 - root - INFO - *************** Test_002_DDT_login Execution Passed ******************
2025-01-21 22:46:28,250 - root - INFO - *************** Test_002_DDT_login Execution Passed ******************
2025-01-21 22:46:34,179 - root - INFO - *************** Test_002_DDT_login Execution Passed ******************
2025-01-21 22:46:40,185 - root - INFO - *************** Test_002_DDT_login Execution Passed ******************
2025-01-21 22:48:03,434 - root - INFO - *************** Test_002_DDT_login ******************
2025-01-21 22:48:03,434 - root - INFO - *************** Verify_Different_login test started ******************
2025-01-21 22:59:51,874 - root - INFO - *************** Test_002_DDT_login ******************
2025-01-21 22:59:51,874 - root - INFO - *************** Verify_Different_login test started ******************
2025-01-21 22:59:55,949 - root - INFO - *************** Test_002_DDT_login Execution Passed ******************
2025-01-21 23:02:49,627 - root - INFO - *************** Test_002_DDT_login ******************
2025-01-21 23:02:49,628 - root - INFO - *************** Verify_Different_login test started ******************
2025-01-21 23:03:30,774 - root - INFO - *************** Test_002_DDT_login ******************
2025-01-21 23:03:30,774 - root - INFO - *************** Verify_Different_login test started ******************
2025-01-21 23:05:07,487 - root - INFO - *************** Test_002_DDT_login ******************
2025-01-21 23:05:07,487 - root - INFO - *************** Verify_Different_login test started ******************
2025-01-21 23:07:53,244 - root - INFO - *************** Test_002_DDT_login ******************
2025-01-21 23:07:53,245 - root - INFO - *************** Verify_Different_login test started ******************
2025-01-21 23:12:09,846 - root - INFO - *************** Test_002_DDT_login ******************
2025-01-21 23:12:09,846 - root - INFO - *************** Verify_Different_login test started ******************
2025-01-21 23:14:06,370 - root - INFO - *************** Test_002_DDT_login ******************
2025-01-21 23:14:06,370 - root - INFO - *************** Verify_Different_login test started ******************
2025-01-21 23:14:08,706 - root - INFO - *************** Test_002_DDT_login Execution Passed ******************
2025-01-21 23:22:40,720 - root - INFO - *************** Test_002_DDT_login ******************
2025-01-21 23:22:40,720 - root - INFO - *************** Verify_Different_login test started ******************
2025-01-21 23:30:11,231 - root - INFO - *************** Test_002_DDT_login ******************
2025-01-21 23:30:11,231 - root - INFO - *************** Verify_Different_login test started ******************
2025-01-21 23:30:13,670 - root - INFO - *************** Test_002_DDT_login Execution Passed ******************
2025-01-21 23:33:10,868 - root - INFO - *************** Test_002_DDT_login ******************
2025-01-21 23:33:10,869 - root - INFO - *************** Verify_Different_login test started ******************
2025-01-21 23:33:18,036 - root - INFO - *************** Test_002_DDT_login Execution Passed ******************
2025-01-21 23:35:29,762 - root - INFO - *************** Test_002_DDT_login ******************
2025-01-21 23:35:29,762 - root - INFO - *************** Verify_Different_login test started ******************
2025-01-21 23:35:38,114 - root - INFO - *************** Test_002_DDT_login Execution Passed ******************
2025-01-21 23:37:02,526 - root - INFO - *************** Test_002_DDT_login ******************
2025-01-21 23:37:02,526 - root - INFO - *************** Verify_Different_login test started ******************
2025-01-21 23:37:10,323 - root - INFO - *************** Test_002_DDT_login Execution Passed ******************
2025-01-21 23:39:04,480 - root - INFO - *************** Test_002_DDT_login ******************
2025-01-21 23:39:04,481 - root - INFO - *************** Verify_Different_login test started ******************
2025-01-21 23:39:12,095 - root - INFO - *************** Test_002_DDT_login Execution Passed ******************
2025-01-21 23:41:58,403 - root - INFO - *************** Test_002_DDT_login ******************
2025-01-21 23:41:58,408 - root - INFO - *************** Verify_Different_login test started ******************
2025-01-21 23:42:06,330 - root - INFO - *************** Test_002_DDT_login Execution Passed ******************
2025-01-21 23:50:12,812 - root - INFO - *************** Test_002_DDT_login ******************
2025-01-21 23:50:12,812 - root - INFO - *************** Verify_Different_login test started ******************
2025-01-21 23:51:29,222 - root - INFO - *************** Test_002_DDT_login ******************
2025-01-21 23:51:29,223 - root - INFO - *************** Verify_Different_login test started ******************
2025-01-21 23:51:36,629 - root - INFO - *************** Test_002_DDT_login Execution Passed ******************
2025-01-21 23:54:28,856 - root - INFO - *************** Test_002_DDT_login ******************
2025-01-21 23:54:28,857 - root - INFO - *************** Verify_Different_login test started ******************
2025-01-21 23:54:36,908 - root - INFO - *************** Test_002_DDT_login Execution Passed ******************
2025-01-21 23:54:42,277 - root - INFO - *************** Test_002_DDT_login Passed ******************
2025-01-21 23:54:47,686 - root - INFO - *************** Test_002_DDT_login Passed ******************
2025-01-21 23:54:53,067 - root - INFO - *************** Test_002_DDT_login Passed ******************
2025-01-21 23:54:58,435 - root - INFO - *************** Test_002_DDT_login Passed ******************
2025-01-21 23:55:03,784 - root - INFO - *************** Test_002_DDT_login Passed ******************
2025-01-21 23:55:03,785 - root - INFO - *************** Test_002_DDT_login Passed ******************
2025-01-21 23:56:24,489 - root - INFO - *************** Test_002_DDT_login ******************
2025-01-21 23:56:24,490 - root - INFO - *************** Verify_Different_login test started ******************
2025-01-21 23:56:32,175 - root - INFO - *************** Test_002_DDT_login Execution Passed ******************
2025-01-21 23:56:38,037 - root - INFO - *************** Test_002_DDT_login Execution Passed ******************
2025-01-21 23:56:43,860 - root - INFO - *************** Test_002_DDT_login Execution Passed ******************
2025-01-21 23:56:49,709 - root - INFO - *************** Test_002_DDT_login Execution Passed ******************
2025-01-21 23:57:00,536 - root - INFO - *************** Test_002_DDT_login Execution Passed ******************
2025-01-21 23:57:05,961 - root - INFO - *************** Test_002_DDT_login Passed ******************
2025-01-21 23:57:05,962 - root - INFO - *************** Test_002_DDT_login Passed ******************
2025-01-22 00:03:11,435 - root - INFO - *************** Test_002_DDT_login ******************
2025-01-22 00:03:11,435 - root - INFO - *************** Verify_Different_login test started ******************
2025-01-22 00:03:18,415 - root - INFO - *************** Test_002_DDT_login Execution Failed ********
2025-01-22 00:03:23,942 - root - INFO - *************** Test_002_DDT_login Passed ******************
2025-01-22 00:03:29,387 - root - INFO - *************** Test_002_DDT_login Passed ******************
2025-01-22 00:03:34,829 - root - INFO - *************** Test_002_DDT_login Passed ******************
2025-01-22 00:03:40,215 - root - INFO - *************** Test_002_DDT_login Passed ******************
2025-01-22 00:03:45,607 - root - INFO - *************** Test_002_DDT_login Passed ******************
2025-01-22 00:03:45,608 - root - INFO - *************** Test_002_DDT_login Failed ******************
2025-01-22 00:04:20,798 - root - INFO - *************** Test_002_DDT_login ******************
2025-01-22 00:04:20,798 - root - INFO - *************** Verify_Different_login test started ******************
2025-01-22 00:04:27,767 - root - INFO - *************** Test_002_DDT_login Execution Failed ********
2025-01-22 00:04:33,265 - root - INFO - *************** Test_002_DDT_login Execution Failed ********
2025-01-22 00:04:38,780 - root - INFO - *************** Test_002_DDT_login Execution Failed ********
2025-01-22 00:04:44,287 - root - INFO - *************** Test_002_DDT_login Execution Failed ********
2025-01-22 00:04:49,763 - root - INFO - *************** Test_002_DDT_login Execution Failed ********
2025-01-22 00:04:55,265 - root - INFO - *************** Test_002_DDT_login Execution Failed ********
2025-01-22 00:04:55,265 - root - INFO - *************** Test_002_DDT_login Failed ******************
2025-01-22 21:20:32,966 - root - INFO - *************** Test_Title ******************
2025-01-22 21:20:32,967 - root - INFO - *************** Verify_Home-Page_Title ******************
2025-01-22 21:20:38,100 - root - INFO - *************** Test_login test started ******************
2025-01-22 21:20:42,870 - root - INFO - *************** Test_logout test started ******************
2025-01-22 21:22:37,498 - root - INFO - *************** Test_Title ******************
2025-01-22 21:22:37,499 - root - INFO - *************** Verify_Home-Page_Title ******************
2025-01-22 21:22:41,018 - root - INFO - *************** Test_login test started ******************
2025-01-22 21:22:44,261 - root - INFO - *************** Test_logout test started ******************
2025-01-22 21:24:10,540 - root - INFO - *************** Test_Title ******************
2025-01-22 21:24:10,541 - root - INFO - *************** Verify_Home-Page_Title ******************
2025-01-22 21:24:11,688 - root - INFO - *************** Verify_Home-Page_Title Passed ******************
2025-01-22 21:24:14,533 - root - INFO - *************** Test_login test started ******************
2025-01-22 21:24:16,443 - root - INFO - *************** Test_login test is passed ******************
2025-01-22 21:24:19,391 - root - INFO - *************** Test_logout test started ******************
2025-01-22 21:24:21,551 - root - INFO - *************** Test_logout test passed ******************
2025-01-23 22:22:12,402 - root - INFO - *************** Test_Button_functions ******************
2025-01-23 22:22:12,402 - root - INFO - *************** Verify_Button_functionality ******************
2025-01-23 22:23:23,935 - root - INFO - *************** Test_Button_functions ******************
2025-01-23 22:23:23,935 - root - INFO - *************** Verify_Button_functionality ******************
2025-01-23 22:27:13,011 - root - INFO - *************** Test_Button_functions ******************
2025-01-23 22:27:13,012 - root - INFO - *************** Verify_Button_functionality ******************
2025-01-23 22:34:12,962 - root - INFO - *************** Test_Button_functions ******************
2025-01-23 22:34:12,963 - root - INFO - *************** Verify_Button_functionality ******************
2025-01-23 22:35:30,017 - root - INFO - *************** Test_Button_functions ******************
2025-01-23 22:35:30,017 - root - INFO - *************** Verify_Button_functionality ******************
2025-01-23 22:36:02,460 - root - INFO - *************** Test_Button_functions ******************
2025-01-23 22:36:02,460 - root - INFO - *************** Verify_Button_functionality ******************
2025-01-23 22:37:52,976 - root - INFO - *************** Test_Button_functions ******************
2025-01-23 22:37:52,976 - root - INFO - *************** Verify_Button_functionality ******************
2025-01-23 22:39:08,020 - root - INFO - *************** Test_Button_functions ******************
2025-01-23 22:39:08,020 - root - INFO - *************** Verify_Button_functionality ******************
2025-01-23 22:50:20,958 - root - INFO - *************** Test_Button_functions ******************
2025-01-23 22:50:20,958 - root - INFO - *************** Verify_Button_functionality ******************
2025-01-23 22:51:36,047 - root - INFO - *************** Test_Button_functions ******************
2025-01-23 22:51:36,047 - root - INFO - *************** Verify_Button_functionality ******************
2025-01-23 22:52:18,498 - root - INFO - *************** Test_Button_functions ******************
2025-01-23 22:52:18,498 - root - INFO - *************** Verify_Button_functionality ******************
2025-01-23 22:55:07,597 - root - INFO - *************** Test_Button_functions ******************
2025-01-23 22:55:07,598 - root - INFO - *************** Verify_Button_functionality ******************
2025-01-23 22:56:05,117 - root - INFO - *************** Test_Button_functions ******************
2025-01-23 22:56:05,117 - root - INFO - *************** Verify_Button_functionality ******************
2025-01-23 22:56:58,078 - root - INFO - *************** Test_Button_functions ******************
2025-01-23 22:56:58,078 - root - INFO - *************** Verify_Button_functionality ******************
2025-01-23 22:59:37,973 - root - INFO - *************** Test_Button_functions ******************
2025-01-23 22:59:37,973 - root - INFO - *************** Verify_Button_functionality ******************
2025-01-23 23:08:29,948 - root - INFO - *************** Test_Button_functions ******************
2025-01-23 23:08:29,948 - root - INFO - *************** Verify_Button_functionality ******************
2025-01-23 23:09:31,890 - root - INFO - *************** Test_Button_functions ******************
2025-01-23 23:09:31,903 - root - INFO - *************** Verify_Button_functionality ******************
2025-01-23 23:10:30,964 - root - INFO - *************** Test_Button_functions ******************
2025-01-23 23:10:30,964 - root - INFO - *************** Verify_Button_functionality ******************
2025-01-23 23:11:24,600 - root - INFO - *************** Test_Button_functions ******************
2025-01-23 23:11:24,600 - root - INFO - *************** Verify_Button_functionality ******************
2025-01-23 23:12:22,958 - root - INFO - *************** Test_Button_functions ******************
2025-01-23 23:12:22,958 - root - INFO - *************** Verify_Button_functionality ******************
2025-01-23 23:12:47,149 - root - INFO - *************** Test_Button_functions ******************
2025-01-23 23:12:47,149 - root - INFO - *************** Verify_Button_functionality ******************
2025-01-25 19:17:18,182 - root - INFO - *************** Test_Button_functions ******************
2025-01-25 19:17:18,183 - root - INFO - *************** Verify_Button_functionality ******************
2025-01-25 19:17:18,183 - root - INFO - *************** Login to webpage ******************
2025-01-25 19:18:00,794 - root - INFO - *************** Test_Button_functions ******************
2025-01-25 19:18:00,795 - root - INFO - *************** Verify_Button_functionality ******************
2025-01-25 19:18:00,795 - root - INFO - *************** Login to webpage ******************
2025-01-25 19:21:16,765 - root - INFO - *************** Test_Title ******************
2025-01-25 19:21:16,767 - root - INFO - *************** Verify_Home-Page_Title ******************
2025-01-25 19:21:31,722 - root - INFO - *************** Verify_Home-Page_Title Passed ******************
2025-01-25 19:21:37,598 - root - INFO - *************** Test_login test started ******************
2025-01-25 19:21:41,802 - root - INFO - *************** Test_login test is passed ******************
2025-01-25 19:21:47,443 - root - INFO - *************** Test_logout test started ******************
2025-01-25 19:21:56,116 - root - INFO - *************** Test_logout test passed ******************
2025-01-25 19:22:21,805 - root - INFO - *************** Test_Title ******************
2025-01-25 19:22:21,806 - root - INFO - *************** Verify_Home-Page_Title ******************
2025-01-25 19:22:30,603 - root - INFO - *************** Test_login test started ******************
2025-01-25 19:22:39,453 - root - INFO - *************** Test_logout test started ******************
2025-01-25 19:22:58,777 - root - INFO - *************** Test_Button_functions ******************
2025-01-25 19:22:58,778 - root - INFO - *************** Verify_Button_functionality ******************
2025-01-25 19:22:58,778 - root - INFO - *************** Login to webpage ******************
2025-01-25 19:23:38,095 - root - INFO - *************** remote_demo_url_passed ******************
2025-01-25 19:25:02,917 - root - INFO - *************** Test_Button_functions ******************
2025-01-25 19:25:02,918 - root - INFO - *************** Verify_Button_functionality ******************
2025-01-25 19:25:02,918 - root - INFO - *************** Login to webpage ******************
2025-01-25 19:25:59,030 - root - INFO - *************** Test_Button_functions ******************
2025-01-25 19:25:59,031 - root - INFO - *************** Verify_Button_functionality ******************
2025-01-25 19:25:59,031 - root - INFO - *************** Login to webpage ******************
2025-01-25 19:26:46,831 - root - INFO - *************** Test_Button_functions ******************
2025-01-25 19:26:46,832 - root - INFO - *************** Verify_Button_functionality ******************
2025-01-25 19:26:46,832 - root - INFO - *************** Login to webpage ******************
2025-01-25 19:27:34,699 - root - INFO - *************** Test_Button_functions ******************
2025-01-25 19:27:34,701 - root - INFO - *************** Verify_Button_functionality ******************
2025-01-25 19:27:34,701 - root - INFO - *************** Login to webpage ******************
2025-01-25 19:37:38,269 - root - INFO - *************** Test_Button_functions ******************
2025-01-25 19:37:38,270 - root - INFO - *************** Verify_Button_functionality ******************
2025-01-25 19:37:38,270 - root - INFO - *************** Login to webpage ******************
2025-01-25 20:04:23,914 - root - INFO - *************** Test_Button_Docs_functions ******************
2025-01-25 20:04:23,915 - root - INFO - *************** Verify_Docs_Button_functionality ******************
2025-01-25 20:05:34,187 - root - INFO - *************** Test_Button_Docs_functions ******************
2025-01-25 20:05:34,188 - root - INFO - *************** Verify_Docs_Button_functionality ******************
2025-01-25 20:09:23,026 - root - INFO - *************** Test_Button_Docs_functions ******************
2025-01-25 20:09:23,026 - root - INFO - *************** Verify_Docs_Button_functionality ******************
2025-01-25 20:10:12,642 - root - INFO - *************** Test_Button_Docs_functions ******************
2025-01-25 20:10:12,642 - root - INFO - *************** Verify_Docs_Button_functionality ******************
2025-01-25 20:12:40,336 - root - INFO - *************** Test_Button_Docs_functions ******************
2025-01-25 20:12:40,336 - root - INFO - *************** Verify_Docs_Button_functionality ******************
2025-01-25 20:13:09,011 - root - INFO - *************** Test_Button_Docs_functions ******************
2025-01-25 20:13:09,011 - root - INFO - *************** Verify_Docs_Button_functionality ******************
2025-01-25 20:15:02,608 - root - INFO - *************** Test_Button_Docs_functions ******************
2025-01-25 20:15:02,608 - root - INFO - *************** Verify_Docs_Button_functionality ******************
2025-01-25 20:18:01,439 - root - INFO - *************** Test_Button_Docs_functions ******************
2025-01-25 20:18:01,439 - root - INFO - *************** Verify_Docs_Button_functionality ******************
2025-01-25 20:18:36,047 - root - INFO - *************** Test_Button_Docs_functions ******************
2025-01-25 20:18:36,048 - root - INFO - *************** Verify_Docs_Button_functionality ******************
2025-01-25 20:21:05,632 - root - INFO - *************** Test_Button_Docs_functions ******************
2025-01-25 20:21:05,632 - root - INFO - *************** Verify_Docs_Button_functionality ******************
2025-01-25 20:23:43,534 - root - INFO - *************** Test_Button_Docs_functions ******************
2025-01-25 20:23:43,534 - root - INFO - *************** Verify_Docs_Button_functionality ******************
2025-01-25 20:23:52,410 - root - INFO - *************** Docs_Check_passed ******************
2025-01-25 20:34:24,916 - root - INFO - *************** Test_Button_Docs_functions ******************
2025-01-25 20:34:24,916 - root - INFO - *************** Verify_Docs_Button_functionality ******************
2025-01-25 20:35:16,263 - root - INFO - *************** Test_Button_Docs_functions ******************
2025-01-25 20:35:16,264 - root - INFO - *************** Verify_Docs_Button_functionality ******************
2025-01-25 20:35:41,061 - root - INFO - *************** Docs_Check_passed ******************
2025-01-25 20:37:33,523 - root - INFO - *************** Test_Button_Docs_functions ******************
2025-01-25 20:37:33,524 - root - INFO - *************** Verify_Docs_Button_functionality ******************
2025-01-25 20:37:36,489 - root - INFO - *************** Docs_Check_passed ******************
2025-01-25 20:37:39,344 - root - INFO - *************** Test_Button_configure_functions ******************
2025-01-25 20:37:39,345 - root - INFO - *************** Verify_Docs_configure_functionality ******************
2025-01-25 20:37:42,166 - root - INFO - *************** Docs_Check_passed ******************
2025-01-25 20:42:26,295 - root - INFO - *************** Test_Button_Docs_functions ******************
2025-01-25 20:42:26,295 - root - INFO - *************** Verify_Docs_Button_functionality ******************
2025-01-25 20:42:29,473 - root - INFO - *************** Docs_Check_passed ******************
2025-01-25 20:42:32,157 - root - INFO - *************** Test_Button_configure_functions ******************
2025-01-25 20:42:32,158 - root - INFO - *************** Verify_Docs_configure_functionality ******************
2025-01-25 20:42:36,905 - root - INFO - *************** Configure_Check_passed ******************
2025-01-25 21:27:18,985 - root - INFO - *************** Test_Button_Docs_functions ******************
2025-01-25 21:27:18,986 - root - INFO - *************** Verify_Docs_Button_functionality ******************
2025-01-25 21:27:22,351 - root - INFO - *************** Docs_Check_passed ******************
2025-01-25 21:27:25,026 - root - INFO - *************** Test_Button_configure_functions ******************
2025-01-25 21:27:25,026 - root - INFO - *************** Verify_Docs_configure_functionality ******************
2025-01-25 21:27:29,936 - root - INFO - *************** Configure_Check_passed ******************
2025-01-25 21:27:32,670 - root - INFO - *************** Test_Webtools_homepage_functions ******************
2025-01-25 21:27:32,671 - root - INFO - *************** Verify_Webtools_homepage_functionality ******************
2025-01-25 21:27:34,702 - root - INFO - *************** Webtools_Homepage_Check_passed ******************
2025-01-25 21:27:37,506 - root - INFO - *************** Test_FSR_homepage_functions ******************
2025-01-25 21:27:37,507 - root - INFO - *************** Verify_FSR_homepage_functionality ******************
2025-01-25 21:27:40,370 - root - INFO - *************** Webtools_FSR_Homepage_Check_passed ******************
2025-01-25 21:28:48,078 - root - INFO - *************** Test_Button_Docs_functions ******************
2025-01-25 21:28:48,078 - root - INFO - *************** Verify_Docs_Button_functionality ******************
2025-01-25 21:28:51,243 - root - INFO - *************** Docs_Check_passed ******************
2025-01-25 21:28:53,758 - root - INFO - *************** Test_Button_configure_functions ******************
2025-01-25 21:28:53,758 - root - INFO - *************** Verify_Docs_configure_functionality ******************
2025-01-25 21:28:58,908 - root - INFO - *************** Configure_Check_passed ******************
2025-01-25 21:29:01,606 - root - INFO - *************** Test_Webtools_homepage_functions ******************
2025-01-25 21:29:01,607 - root - INFO - *************** Verify_Webtools_homepage_functionality ******************
2025-01-25 21:29:04,255 - root - INFO - *************** Webtools_Homepage_Check_passed ******************
2025-01-25 21:29:06,933 - root - INFO - *************** Test_FSR_homepage_functions ******************
2025-01-25 21:29:06,934 - root - INFO - *************** Verify_FSR_homepage_functionality ******************
2025-01-25 21:29:09,823 - root - INFO - *************** Webtools_Homepage_Check_failed ******************
2025-01-25 21:30:45,932 - root - INFO - *************** Test_Button_Docs_functions ******************
2025-01-25 21:30:45,932 - root - INFO - *************** Verify_Docs_Button_functionality ******************
2025-01-25 21:30:49,235 - root - INFO - *************** Docs_Check_failed ******************
2025-01-25 21:30:52,263 - root - INFO - *************** Test_Button_configure_functions ******************
2025-01-25 21:30:52,264 - root - INFO - *************** Verify_Docs_configure_functionality ******************
2025-01-25 21:30:57,364 - root - INFO - *************** Docs_Check_failed ******************
2025-01-25 21:30:59,975 - root - INFO - *************** Test_Webtools_homepage_functions ******************
2025-01-25 21:30:59,975 - root - INFO - *************** Verify_Webtools_homepage_functionality ******************
2025-01-25 21:31:02,335 - root - INFO - *************** Webtools_Homepage_Check_failed ******************
2025-01-25 21:31:05,496 - root - INFO - *************** Test_FSR_homepage_functions ******************
2025-01-25 21:31:05,496 - root - INFO - *************** Verify_FSR_homepage_functionality ******************
2025-01-25 21:31:09,680 - root - INFO - *************** Webtools_FSR_Homepage_Check_failed ******************
2025-01-25 21:32:01,389 - root - INFO - *************** Test_Button_Docs_functions ******************
2025-01-25 21:32:01,390 - root - INFO - *************** Verify_Docs_Button_functionality ******************
2025-01-25 21:32:04,446 - root - INFO - *************** Docs_Check_passed ******************
2025-01-25 21:32:07,127 - root - INFO - *************** Test_Button_configure_functions ******************
2025-01-25 21:32:07,127 - root - INFO - *************** Verify_Docs_configure_functionality ******************
2025-01-25 21:32:12,027 - root - INFO - *************** Configure_Check_passed ******************
2025-01-25 21:32:14,738 - root - INFO - *************** Test_Webtools_homepage_functions ******************
2025-01-25 21:32:14,738 - root - INFO - *************** Verify_Webtools_homepage_functionality ******************
2025-01-25 21:32:17,008 - root - INFO - *************** Webtools_Homepage_Check_passed ******************
2025-01-25 21:32:19,686 - root - INFO - *************** Test_FSR_homepage_functions ******************
2025-01-25 21:32:19,686 - root - INFO - *************** Verify_FSR_homepage_functionality ******************
2025-01-25 21:32:22,842 - root - INFO - *************** Webtools_FSR_Homepage_Check_passed ******************
2025-01-25 22:04:33,099 - root - INFO - *************** Test_Button_Docs_functions ******************
2025-01-25 22:04:33,099 - root - INFO - *************** Verify_Docs_Button_functionality ******************
2025-01-25 22:04:36,308 - root - INFO - *************** Docs_Check_passed ******************
2025-01-25 22:04:38,894 - root - INFO - *************** Test_Button_configure_functions ******************
2025-01-25 22:04:38,894 - root - INFO - *************** Verify_Docs_configure_functionality ******************
2025-01-25 22:04:43,778 - root - INFO - *************** Configure_Check_passed ******************
2025-01-25 22:04:43,915 - root - INFO - *************** Job_submission_Configure_Check_passed ******************
2025-01-25 22:04:47,149 - root - INFO - *************** Test_Webtools_homepage_functions ******************
2025-01-25 22:04:47,149 - root - INFO - *************** Verify_Webtools_homepage_functionality ******************
2025-01-25 22:04:49,517 - root - INFO - *************** Webtools_Homepage_Check_passed ******************
2025-01-25 22:04:52,252 - root - INFO - *************** Test_FSR_homepage_functions ******************
2025-01-25 22:04:52,252 - root - INFO - *************** Verify_FSR_homepage_functionality ******************
2025-01-25 22:04:55,067 - root - INFO - *************** Webtools_FSR_Homepage_Check_passed ******************
2025-01-25 22:06:14,264 - root - INFO - *************** Test_Button_Docs_functions ******************
2025-01-25 22:06:14,265 - root - INFO - *************** Verify_Docs_Button_functionality ******************
2025-01-25 22:06:17,227 - root - INFO - *************** Docs_Check_passed ******************
2025-01-25 22:06:19,957 - root - INFO - *************** Test_Button_configure_functions ******************
2025-01-25 22:06:19,958 - root - INFO - *************** Verify_Docs_configure_functionality ******************
2025-01-25 22:06:24,531 - root - INFO - *************** Configure_Check_passed ******************
2025-01-25 22:06:26,824 - root - INFO - *************** Job_submission_Configure_Check_passed ******************
2025-01-25 22:06:28,951 - root - INFO - *************** Job_management_Configure_Check_passed ******************
2025-01-25 22:06:31,123 - root - INFO - *************** network_Configure_Check_passed ******************
2025-01-25 22:06:33,326 - root - INFO - *************** security_Configure_Check_passed ******************
2025-01-25 22:06:35,463 - root - INFO - *************** Rip_Configure_Check_passed ******************
2025-01-25 22:06:37,592 - root - INFO - *************** Scan_Configure_Check_passed ******************
2025-01-25 22:06:39,711 - root - INFO - *************** User_account_Configure_Check_passed ******************
2025-01-25 22:06:39,712 - root - INFO - *************** configure-page clicks is passed ******************
2025-01-25 22:06:42,350 - root - INFO - *************** Test_Webtools_homepage_functions ******************
2025-01-25 22:06:42,351 - root - INFO - *************** Verify_Webtools_homepage_functionality ******************
2025-01-25 22:06:44,546 - root - INFO - *************** Webtools_Homepage_Check_passed ******************
2025-01-25 22:06:47,037 - root - INFO - *************** Test_FSR_homepage_functions ******************
2025-01-25 22:06:47,037 - root - INFO - *************** Verify_FSR_homepage_functionality ******************
2025-01-25 22:06:49,828 - root - INFO - *************** Webtools_FSR_Homepage_Check_passed ******************
2025-01-25 22:07:56,242 - root - INFO - *************** Test_Button_Docs_functions ******************
2025-01-25 22:07:56,242 - root - INFO - *************** Verify_Docs_Button_functionality ******************
2025-01-25 22:07:59,044 - root - INFO - *************** Docs_Check_passed ******************
2025-01-25 22:08:01,869 - root - INFO - *************** Test_Button_configure_functions ******************
2025-01-25 22:08:01,869 - root - INFO - *************** Verify_Docs_configure_functionality ******************
2025-01-25 22:08:07,524 - root - INFO - *************** Configure_Check_passed ******************
2025-01-25 22:08:09,694 - root - INFO - *************** Job_submission_Configure_Check_passed ******************
2025-01-25 22:08:12,005 - root - INFO - *************** Job_management_Configure_Check_passed ******************
2025-01-25 22:08:14,136 - root - INFO - *************** network_Configure_Check_passed ******************
2025-01-25 22:08:16,521 - root - INFO - *************** security_Configure_Check_passed ******************
2025-01-25 22:08:18,663 - root - INFO - *************** Rip_Configure_Check_passed ******************
2025-01-25 22:08:20,815 - root - INFO - *************** Scan_Configure_Check_passed ******************
2025-01-25 22:08:22,960 - root - INFO - *************** User_account_Configure_Check_passed ******************
2025-01-25 22:08:22,961 - root - INFO - *************** configure-page clicks is passed ******************
2025-01-25 22:08:25,759 - root - INFO - *************** Test_Webtools_homepage_functions ******************
2025-01-25 22:08:25,759 - root - INFO - *************** Verify_Webtools_homepage_functionality ******************
2025-01-25 22:08:27,830 - root - INFO - *************** Webtools_Homepage_Check_passed ******************
2025-01-25 22:08:30,381 - root - INFO - *************** Test_FSR_homepage_functions ******************
2025-01-25 22:08:30,381 - root - INFO - *************** Verify_FSR_homepage_functionality ******************
2025-01-25 22:08:33,809 - root - INFO - *************** Webtools_FSR_Homepage_Check_passed ******************
2025-01-25 22:12:32,228 - root - INFO - *************** Test_Button_Docs_functions ******************
2025-01-25 22:12:32,228 - root - INFO - *************** Verify_Docs_Button_functionality ******************
2025-01-25 22:12:34,818 - root - INFO - *************** Docs_Check_passed ******************
2025-01-25 22:12:37,417 - root - INFO - *************** Test_Button_configure_functions ******************
2025-01-25 22:12:37,417 - root - INFO - *************** Verify_Docs_configure_functionality ******************
2025-01-25 22:12:42,155 - root - INFO - *************** Configure_Check_passed ******************
2025-01-25 22:12:44,317 - root - INFO - *************** Job_submission_Configure_Check_passed ******************
2025-01-25 22:12:46,620 - root - INFO - *************** Job_management_Configure_Check_passed ******************
2025-01-25 22:12:48,866 - root - INFO - *************** network_Configure_Check_passed ******************
2025-01-25 22:12:51,889 - root - INFO - *************** security_Configure_Check_passed ******************
2025-01-25 22:12:54,066 - root - INFO - *************** Rip_Configure_Check_passed ******************
2025-01-25 22:12:56,199 - root - INFO - *************** Scan_Configure_Check_passed ******************
2025-01-25 22:12:58,317 - root - INFO - *************** User_account_Configure_Check_passed ******************
2025-01-25 22:12:58,317 - root - INFO - *************** configure-page clicks is failed ******************
2025-01-25 22:13:01,170 - root - INFO - *************** Test_Webtools_homepage_functions ******************
2025-01-25 22:13:01,170 - root - INFO - *************** Verify_Webtools_homepage_functionality ******************
2025-01-25 22:13:03,251 - root - INFO - *************** Webtools_Homepage_Check_passed ******************
2025-01-25 22:13:06,012 - root - INFO - *************** Test_FSR_homepage_functions ******************
2025-01-25 22:13:06,012 - root - INFO - *************** Verify_FSR_homepage_functionality ******************
2025-01-25 22:13:09,691 - root - INFO - *************** Webtools_FSR_Homepage_Check_passed ******************
2025-01-25 22:14:33,665 - root - INFO - *************** Test_Button_Docs_functions ******************
2025-01-25 22:14:33,665 - root - INFO - *************** Verify_Docs_Button_functionality ******************
2025-01-25 22:14:36,532 - root - INFO - *************** Docs_Check_passed ******************
2025-01-25 22:14:39,275 - root - INFO - *************** Test_Button_configure_functions ******************
2025-01-25 22:14:39,275 - root - INFO - *************** Verify_Docs_configure_functionality ******************
2025-01-25 22:14:44,105 - root - INFO - *************** Configure_Check_passed ******************
2025-01-25 22:14:46,281 - root - INFO - *************** Job_submission_Configure_Check_passed ******************
2025-01-25 22:14:48,463 - root - INFO - *************** Job_management_Configure_Check_passed ******************
2025-01-25 22:14:50,583 - root - INFO - *************** network_Configure_Check_passed ******************
2025-01-25 22:14:52,766 - root - INFO - *************** security_Configure_Check_passed ******************
2025-01-25 22:14:54,911 - root - INFO - *************** Rip_Configure_Check_passed ******************
2025-01-25 22:14:57,037 - root - INFO - *************** Scan_Configure_Check_passed ******************
2025-01-25 22:14:59,208 - root - INFO - *************** User_account_Configure_Check_passed ******************
2025-01-25 22:14:59,209 - root - INFO - *************** configure-page clicks is passed ******************
2025-01-25 22:15:01,927 - root - INFO - *************** Test_Webtools_homepage_functions ******************
2025-01-25 22:15:01,928 - root - INFO - *************** Verify_Webtools_homepage_functionality ******************
2025-01-25 22:15:03,997 - root - INFO - *************** Webtools_Homepage_Check_passed ******************
2025-01-25 22:15:06,659 - root - INFO - *************** Test_FSR_homepage_functions ******************
2025-01-25 22:15:06,660 - root - INFO - *************** Verify_FSR_homepage_functionality ******************
2025-01-25 22:15:09,487 - root - INFO - *************** Webtools_FSR_Homepage_Check_passed ******************
2025-01-25 22:22:23,578 - root - INFO - *************** Test_Button_Docs_functions ******************
2025-01-25 22:22:23,579 - root - INFO - *************** Verify_Docs_Button_functionality ******************
2025-01-25 22:22:26,570 - root - INFO - *************** Docs_Check_passed ******************
2025-01-25 22:22:29,160 - root - INFO - *************** Test_Button_configure_functions ******************
2025-01-25 22:22:29,160 - root - INFO - *************** Verify_Docs_configure_functionality ******************
2025-01-25 22:22:34,076 - root - INFO - *************** Configure_Check_passed ******************
2025-01-25 22:22:36,235 - root - INFO - *************** Job_submission_Configure_Check_passed ******************
2025-01-25 22:22:39,198 - root - INFO - *************** Test_Webtools_homepage_functions ******************
2025-01-25 22:22:39,198 - root - INFO - *************** Verify_Webtools_homepage_functionality ******************
2025-01-25 22:22:41,806 - root - INFO - *************** Webtools_Homepage_Check_passed ******************
2025-01-25 22:22:44,627 - root - INFO - *************** Test_FSR_homepage_functions ******************
2025-01-25 22:22:44,627 - root - INFO - *************** Verify_FSR_homepage_functionality ******************
2025-01-25 22:22:47,514 - root - INFO - *************** Webtools_FSR_Homepage_Check_passed ******************
2025-01-25 22:25:35,507 - root - INFO - *************** Test_Button_Docs_functions ******************
2025-01-25 22:25:35,507 - root - INFO - *************** Verify_Docs_Button_functionality ******************
2025-01-25 22:25:38,296 - root - INFO - *************** Docs_Check_passed ******************
2025-01-25 22:25:41,093 - root - INFO - *************** Test_Button_configure_functions ******************
2025-01-25 22:25:41,093 - root - INFO - *************** Verify_Docs_configure_functionality ******************
2025-01-25 22:25:45,771 - root - INFO - *************** Configure_Check_passed ******************
2025-01-25 22:25:47,918 - root - INFO - *************** Job_submission_Configure_Check_passed ******************
2025-01-25 22:25:50,124 - root - INFO - *************** Job_management_Configure_Check_passed ******************
2025-01-25 22:25:52,818 - root - INFO - *************** Test_Webtools_homepage_functions ******************
2025-01-25 22:25:52,819 - root - INFO - *************** Verify_Webtools_homepage_functionality ******************
2025-01-25 22:25:54,996 - root - INFO - *************** Webtools_Homepage_Check_passed ******************
2025-01-25 22:25:57,628 - root - INFO - *************** Test_FSR_homepage_functions ******************
2025-01-25 22:25:57,628 - root - INFO - *************** Verify_FSR_homepage_functionality ******************
2025-01-25 22:26:00,746 - root - INFO - *************** Webtools_FSR_Homepage_Check_passed ******************
2025-01-25 22:29:35,825 - root - INFO - *************** Test_Button_Docs_functions ******************
2025-01-25 22:29:35,825 - root - INFO - *************** Verify_Docs_Button_functionality ******************
2025-01-25 22:29:38,955 - root - INFO - *************** Docs_Check_passed ******************
2025-01-25 22:29:41,601 - root - INFO - *************** Test_Button_configure_functions ******************
2025-01-25 22:29:41,601 - root - INFO - *************** Verify_Docs_configure_functionality ******************
2025-01-25 22:29:47,361 - root - INFO - *************** Configure_Check_passed ******************
2025-01-25 22:29:49,649 - root - INFO - *************** Job_submission_Configure_Check_passed ******************
2025-01-25 22:29:51,764 - root - INFO - *************** Job_management_Configure_Check_passed ******************
2025-01-25 22:29:53,935 - root - INFO - *************** network_Configure_Check_passed ******************
2025-01-25 22:29:56,064 - root - INFO - *************** security_Configure_Check_passed ******************
2025-01-25 22:29:58,299 - root - INFO - *************** Rip_Configure_Check_passed ******************
2025-01-25 22:30:00,493 - root - INFO - *************** Scan_Configure_Check_passed ******************
2025-01-25 22:30:02,686 - root - INFO - *************** User_account_Configure_Check_passed ******************
2025-01-25 22:30:02,687 - root - INFO - *************** configure-page clicks is passed ******************
2025-01-25 22:30:05,345 - root - INFO - *************** Test_Webtools_homepage_functions ******************
2025-01-25 22:30:05,345 - root - INFO - *************** Verify_Webtools_homepage_functionality ******************
2025-01-25 22:30:07,774 - root - INFO - *************** Webtools_Homepage_Check_passed ******************
2025-01-25 22:30:10,704 - root - INFO - *************** Test_FSR_homepage_functions ******************
2025-01-25 22:30:10,704 - root - INFO - *************** Verify_FSR_homepage_functionality ******************
2025-01-25 22:30:13,670 - root - INFO - *************** Webtools_FSR_Homepage_Check_passed ******************
2025-01-25 22:36:30,708 - root - INFO - *************** Test_Button_Docs_functions ******************
2025-01-25 22:36:30,708 - root - INFO - *************** Verify_Docs_Button_functionality ******************
2025-01-25 22:36:33,909 - root - INFO - *************** Docs_Check_passed ******************
2025-01-25 22:36:38,673 - root - INFO - *************** Test_Button_configure_functions ******************
2025-01-25 22:36:38,675 - root - INFO - *************** Verify_Docs_configure_functionality ******************
2025-01-25 22:36:43,972 - root - INFO - *************** Configure_Check_passed ******************
2025-01-25 22:36:46,542 - root - INFO - *************** Job_submission_Configure_Check_passed ******************
2025-01-25 22:36:48,806 - root - INFO - *************** Job_management_Configure_Check_passed ******************
2025-01-25 22:36:50,920 - root - INFO - *************** network_Configure_Check_passed ******************
2025-01-25 22:36:53,019 - root - INFO - *************** security_Configure_Check_passed ******************
2025-01-25 22:36:55,111 - root - INFO - *************** Rip_Configure_Check_passed ******************
2025-01-25 22:36:57,218 - root - INFO - *************** Scan_Configure_Check_passed ******************
2025-01-25 22:36:59,356 - root - INFO - *************** User_account_Configure_Check_passed ******************
2025-01-25 22:37:02,222 - root - INFO - *************** Fiery_Configure_Check_passed ******************
2025-01-25 22:37:02,222 - root - INFO - *************** configure-page clicks is passed ******************
2025-01-25 22:37:04,528 - root - INFO - *************** Test_Webtools_homepage_functions ******************
2025-01-25 22:37:04,528 - root - INFO - *************** Verify_Webtools_homepage_functionality ******************
2025-01-25 22:37:06,513 - root - INFO - *************** Webtools_Homepage_Check_passed ******************
2025-01-25 22:37:08,663 - root - INFO - *************** Test_FSR_homepage_functions ******************
2025-01-25 22:37:08,664 - root - INFO - *************** Verify_FSR_homepage_functionality ******************
2025-01-25 22:37:11,481 - root - INFO - *************** Webtools_FSR_Homepage_Check_passed ******************
2025-01-25 22:45:00,326 - root - INFO - *************** Test_Button_Docs_functions ******************
2025-01-25 22:45:00,326 - root - INFO - *************** Verify_Docs_Button_functionality ******************
2025-01-25 22:45:02,868 - root - INFO - *************** Docs_Check_passed ******************
2025-01-25 22:45:05,006 - root - INFO - *************** Test_Button_configure_functions ******************
2025-01-25 22:45:05,006 - root - INFO - *************** Verify_Docs_configure_functionality ******************
2025-01-25 22:45:09,872 - root - INFO - *************** Configure_Check_passed ******************
2025-01-25 22:45:11,996 - root - INFO - *************** Job_submission_Configure_Check_passed ******************
2025-01-25 22:45:14,099 - root - INFO - *************** Job_management_Configure_Check_passed ******************
2025-01-25 22:45:16,211 - root - INFO - *************** network_Configure_Check_passed ******************
2025-01-25 22:45:18,326 - root - INFO - *************** security_Configure_Check_passed ******************
2025-01-25 22:45:20,444 - root - INFO - *************** Rip_Configure_Check_passed ******************
2025-01-25 22:45:22,563 - root - INFO - *************** Scan_Configure_Check_passed ******************
2025-01-25 22:45:24,684 - root - INFO - *************** User_account_Configure_Check_passed ******************
2025-01-25 22:45:27,441 - root - INFO - *************** Fiery_Configure_Check_passed ******************
2025-01-25 22:45:27,443 - root - INFO - *************** configure-page clicks is failed ******************
2025-01-25 22:45:27,444 - root - INFO - Failed checks: dict_keys(['job_submission'])
2025-01-25 22:45:29,863 - root - INFO - *************** Test_Webtools_homepage_functions ******************
2025-01-25 22:45:29,863 - root - INFO - *************** Verify_Webtools_homepage_functionality ******************
2025-01-25 22:45:31,881 - root - INFO - *************** Webtools_Homepage_Check_passed ******************
2025-01-25 22:45:34,011 - root - INFO - *************** Test_FSR_homepage_functions ******************
2025-01-25 22:45:34,011 - root - INFO - *************** Verify_FSR_homepage_functionality ******************
2025-01-25 22:45:37,432 - root - INFO - *************** Webtools_FSR_Homepage_Check_passed ******************
2025-01-25 22:46:11,099 - root - INFO - *************** Test_Button_Docs_functions ******************
2025-01-25 22:46:11,099 - root - INFO - *************** Verify_Docs_Button_functionality ******************
2025-01-25 22:46:13,676 - root - INFO - *************** Docs_Check_passed ******************
2025-01-25 22:46:15,837 - root - INFO - *************** Test_Button_configure_functions ******************
2025-01-25 22:46:15,838 - root - INFO - *************** Verify_Docs_configure_functionality ******************
2025-01-25 22:46:20,404 - root - INFO - *************** Configure_Check_passed ******************
2025-01-25 22:46:22,540 - root - INFO - *************** Job_submission_Configure_Check_passed ******************
2025-01-25 22:46:24,656 - root - INFO - *************** Job_management_Configure_Check_passed ******************
2025-01-25 22:46:26,744 - root - INFO - *************** network_Configure_Check_passed ******************
2025-01-25 22:46:28,847 - root - INFO - *************** security_Configure_Check_passed ******************
2025-01-25 22:46:30,966 - root - INFO - *************** Rip_Configure_Check_passed ******************
2025-01-25 22:46:33,087 - root - INFO - *************** Scan_Configure_Check_passed ******************
2025-01-25 22:46:35,287 - root - INFO - *************** User_account_Configure_Check_passed ******************
2025-01-25 22:46:38,827 - root - INFO - *************** Job_submission_Configure_Check_passed ******************
2025-01-25 22:46:38,827 - root - INFO - *************** configure-page clicks is failed ******************
2025-01-25 22:46:38,827 - root - INFO - Failed checks: dict_keys(['job_submission', 'Fiery_check'])
2025-01-25 22:46:41,266 - root - INFO - *************** Test_Webtools_homepage_functions ******************
2025-01-25 22:46:41,266 - root - INFO - *************** Verify_Webtools_homepage_functionality ******************
2025-01-25 22:46:43,313 - root - INFO - *************** Webtools_Homepage_Check_passed ******************
2025-01-25 22:46:45,420 - root - INFO - *************** Test_FSR_homepage_functions ******************
2025-01-25 22:46:45,420 - root - INFO - *************** Verify_FSR_homepage_functionality ******************
2025-01-25 22:46:48,171 - root - INFO - *************** Webtools_FSR_Homepage_Check_passed ******************
2025-01-25 22:47:25,383 - root - INFO - *************** Test_Button_Docs_functions ******************
2025-01-25 22:47:25,383 - root - INFO - *************** Verify_Docs_Button_functionality ******************
2025-01-25 22:47:28,139 - root - INFO - *************** Docs_Check_passed ******************
2025-01-25 22:47:30,240 - root - INFO - *************** Test_Button_configure_functions ******************
2025-01-25 22:47:30,240 - root - INFO - *************** Verify_Docs_configure_functionality ******************
2025-01-25 22:47:34,797 - root - INFO - *************** Configure_Check_passed ******************
2025-01-25 22:47:36,908 - root - INFO - *************** Job_submission_Configure_Check_passed ******************
2025-01-25 22:47:39,019 - root - INFO - *************** Job_management_Configure_Check_passed ******************
2025-01-25 22:47:41,128 - root - INFO - *************** network_Configure_Check_passed ******************
2025-01-25 22:47:43,221 - root - INFO - *************** security_Configure_Check_passed ******************
2025-01-25 22:47:45,323 - root - INFO - *************** Rip_Configure_Check_passed ******************
2025-01-25 22:47:47,430 - root - INFO - *************** Scan_Configure_Check_passed ******************
2025-01-25 22:47:49,528 - root - INFO - *************** User_account_Configure_Check_passed ******************
2025-01-25 22:47:52,301 - root - INFO - *************** Fiery_Configure_Check_passed ******************
2025-01-25 22:47:52,302 - root - INFO - *************** configure-page clicks is passed ******************
2025-01-25 22:47:54,453 - root - INFO - *************** Test_Webtools_homepage_functions ******************
2025-01-25 22:47:54,453 - root - INFO - *************** Verify_Webtools_homepage_functionality ******************
2025-01-25 22:47:56,482 - root - INFO - *************** Webtools_Homepage_Check_passed ******************
2025-01-25 22:47:58,738 - root - INFO - *************** Test_FSR_homepage_functions ******************
2025-01-25 22:47:58,738 - root - INFO - *************** Verify_FSR_homepage_functionality ******************
2025-01-25 22:48:01,795 - root - INFO - *************** Webtools_FSR_Homepage_Check_passed ******************
